Watching for file changes with StatReloader

def xstarmap(task, it):
    return 1


def update_conversion_status():
    return 1


def chord(self, header, body, partial_args=0, interval=1, countdown=2, max_retries=3, eager=4, **kwargs):
    return 1


def accumulate(self, *args, **kwargs):
    return 1


def fetch_exchange_rates():
    return 1


def chunks(task, it, n):
    return 1


def unlock_chord(self, group_id, callback, interval=0, max_retries=1, result=2, Result=3, GroupResult=4, result_from_tuple=5, **kwargs):
    return 1


def group(self, tasks, result, group_id, partial_args, add_to_parent=0):
    return 1


def xmap(task, it):
    return 1


def chain(*args, **kwargs):
    return 1


def backend_cleanup():
    return 1

/home/adawy/projects/currencyconversionsystem/configuration/settings.py changed, reloading.
Watching for file changes with StatReloader
/home/adawy/projects/currencyconversionsystem/configuration/settings.py changed, reloading.
Watching for file changes with StatReloader

def xstarmap(task, it):
    return 1


def update_conversion_status():
    return 1


def chord(self, header, body, partial_args=0, interval=1, countdown=2, max_retries=3, eager=4, **kwargs):
    return 1


def accumulate(self, *args, **kwargs):
    return 1


def fetch_exchange_rates():
    return 1


def chunks(task, it, n):
    return 1


def unlock_chord(self, group_id, callback, interval=0, max_retries=1, result=2, Result=3, GroupResult=4, result_from_tuple=5, **kwargs):
    return 1


def group(self, tasks, result, group_id, partial_args, add_to_parent=0):
    return 1


def xmap(task, it):
    return 1


def chain(*args, **kwargs):
    return 1


def backend_cleanup():
    return 1


def xstarmap(task, it):
    return 1


def update_conversion_status():
    return 1


def chord(self, header, body, partial_args=0, interval=1, countdown=2, max_retries=3, eager=4, **kwargs):
    return 1


def accumulate(self, *args, **kwargs):
    return 1


def fetch_exchange_rates():
    return 1


def chunks(task, it, n):
    return 1


def unlock_chord(self, group_id, callback, interval=0, max_retries=1, result=2, Result=3, GroupResult=4, result_from_tuple=5, **kwargs):
    return 1


def group(self, tasks, result, group_id, partial_args, add_to_parent=0):
    return 1


def xmap(task, it):
    return 1


def chain(*args, **kwargs):
    return 1


def backend_cleanup():
    return 1


def xstarmap(task, it):
    return 1


def update_conversion_status():
    return 1


def chord(self, header, body, partial_args=0, interval=1, countdown=2, max_retries=3, eager=4, **kwargs):
    return 1


def accumulate(self, *args, **kwargs):
    return 1


def fetch_exchange_rates():
    return 1


def chunks(task, it, n):
    return 1


def unlock_chord(self, group_id, callback, interval=0, max_retries=1, result=2, Result=3, GroupResult=4, result_from_tuple=5, **kwargs):
    return 1


def group(self, tasks, result, group_id, partial_args, add_to_parent=0):
    return 1


def xmap(task, it):
    return 1


def chain(*args, **kwargs):
    return 1


def backend_cleanup():
    return 1

/home/adawy/projects/currencyconversionsystem/configuration/settings.py changed, reloading.
Watching for file changes with StatReloader

def xstarmap(task, it):
    return 1


def update_conversion_status():
    return 1


def chord(self, header, body, partial_args=0, interval=1, countdown=2, max_retries=3, eager=4, **kwargs):
    return 1


def accumulate(self, *args, **kwargs):
    return 1


def fetch_exchange_rates():
    return 1


def chunks(task, it, n):
    return 1


def unlock_chord(self, group_id, callback, interval=0, max_retries=1, result=2, Result=3, GroupResult=4, result_from_tuple=5, **kwargs):
    return 1


def group(self, tasks, result, group_id, partial_args, add_to_parent=0):
    return 1


def xmap(task, it):
    return 1


def chain(*args, **kwargs):
    return 1


def backend_cleanup():
    return 1


def xstarmap(task, it):
    return 1


def update_conversion_status():
    return 1


def chord(self, header, body, partial_args=0, interval=1, countdown=2, max_retries=3, eager=4, **kwargs):
    return 1


def accumulate(self, *args, **kwargs):
    return 1


def fetch_exchange_rates():
    return 1


def chunks(task, it, n):
    return 1


def unlock_chord(self, group_id, callback, interval=0, max_retries=1, result=2, Result=3, GroupResult=4, result_from_tuple=5, **kwargs):
    return 1


def group(self, tasks, result, group_id, partial_args, add_to_parent=0):
    return 1


def xmap(task, it):
    return 1


def chain(*args, **kwargs):
    return 1


def backend_cleanup():
    return 1

/home/adawy/projects/currencyconversionsystem/configuration/settings.py changed, reloading.
Watching for file changes with StatReloader
/home/adawy/projects/currencyconversionsystem/configuration/settings.py changed, reloading.
Watching for file changes with StatReloader
Watching for file changes with StatReloader

def xstarmap(task, it):
    return 1


def chord(self, header, body, partial_args=0, interval=1, countdown=2, max_retries=3, eager=4, **kwargs):
    return 1


def accumulate(self, *args, **kwargs):
    return 1


def chunks(task, it, n):
    return 1


def update_conversion_status():
    return 1


def unlock_chord(self, group_id, callback, interval=0, max_retries=1, result=2, Result=3, GroupResult=4, result_from_tuple=5, **kwargs):
    return 1


def fetch_exchange_rates():
    return 1


def group(self, tasks, result, group_id, partial_args, add_to_parent=0):
    return 1


def xmap(task, it):
    return 1


def chain(*args, **kwargs):
    return 1


def backend_cleanup():
    return 1


def xstarmap(task, it):
    return 1


def chord(self, header, body, partial_args=0, interval=1, countdown=2, max_retries=3, eager=4, **kwargs):
    return 1


def accumulate(self, *args, **kwargs):
    return 1


def chunks(task, it, n):
    return 1


def update_conversion_status():
    return 1


def unlock_chord(self, group_id, callback, interval=0, max_retries=1, result=2, Result=3, GroupResult=4, result_from_tuple=5, **kwargs):
    return 1


def fetch_exchange_rates():
    return 1


def group(self, tasks, result, group_id, partial_args, add_to_parent=0):
    return 1


def xmap(task, it):
    return 1


def chain(*args, **kwargs):
    return 1


def backend_cleanup():
    return 1


def xstarmap(task, it):
    return 1


def update_conversion_status():
    return 1


def chord(self, header, body, partial_args=0, interval=1, countdown=2, max_retries=3, eager=4, **kwargs):
    return 1


def accumulate(self, *args, **kwargs):
    return 1


def fetch_exchange_rates():
    return 1


def chunks(task, it, n):
    return 1


def unlock_chord(self, group_id, callback, interval=0, max_retries=1, result=2, Result=3, GroupResult=4, result_from_tuple=5, **kwargs):
    return 1


def group(self, tasks, result, group_id, partial_args, add_to_parent=0):
    return 1


def xmap(task, it):
    return 1


def chain(*args, **kwargs):
    return 1


def backend_cleanup():
    return 1


def xstarmap(task, it):
    return 1


def update_conversion_status():
    return 1


def chord(self, header, body, partial_args=0, interval=1, countdown=2, max_retries=3, eager=4, **kwargs):
    return 1


def accumulate(self, *args, **kwargs):
    return 1


def fetch_exchange_rates():
    return 1


def chunks(task, it, n):
    return 1


def unlock_chord(self, group_id, callback, interval=0, max_retries=1, result=2, Result=3, GroupResult=4, result_from_tuple=5, **kwargs):
    return 1


def group(self, tasks, result, group_id, partial_args, add_to_parent=0):
    return 1


def xmap(task, it):
    return 1


def chain(*args, **kwargs):
    return 1


def backend_cleanup():
    return 1

Unauthorized: /api/currency-conversions/
/home/adawy/projects/currencyconversionsystem/configuration/settings.py changed, reloading.
Watching for file changes with StatReloader
/home/adawy/projects/currencyconversionsystem/configuration/settings.py changed, reloading.
Watching for file changes with StatReloader

def xstarmap(task, it):
    return 1


def chord(self, header, body, partial_args=0, interval=1, countdown=2, max_retries=3, eager=4, **kwargs):
    return 1


def accumulate(self, *args, **kwargs):
    return 1


def chunks(task, it, n):
    return 1


def update_conversion_status():
    return 1


def unlock_chord(self, group_id, callback, interval=0, max_retries=1, result=2, Result=3, GroupResult=4, result_from_tuple=5, **kwargs):
    return 1


def fetch_exchange_rates():
    return 1


def group(self, tasks, result, group_id, partial_args, add_to_parent=0):
    return 1


def xmap(task, it):
    return 1


def chain(*args, **kwargs):
    return 1


def backend_cleanup():
    return 1


def xstarmap(task, it):
    return 1


def update_conversion_status():
    return 1


def chord(self, header, body, partial_args=0, interval=1, countdown=2, max_retries=3, eager=4, **kwargs):
    return 1


def accumulate(self, *args, **kwargs):
    return 1


def fetch_exchange_rates():
    return 1


def chunks(task, it, n):
    return 1


def unlock_chord(self, group_id, callback, interval=0, max_retries=1, result=2, Result=3, GroupResult=4, result_from_tuple=5, **kwargs):
    return 1


def group(self, tasks, result, group_id, partial_args, add_to_parent=0):
    return 1


def xmap(task, it):
    return 1


def chain(*args, **kwargs):
    return 1


def backend_cleanup():
    return 1

Using selector: EpollSelector
Using selector: EpollSelector
Watching for file changes with StatReloader

def xstarmap(task, it):
    return 1


def chord(self, header, body, partial_args=0, interval=1, countdown=2, max_retries=3, eager=4, **kwargs):
    return 1


def accumulate(self, *args, **kwargs):
    return 1


def chunks(task, it, n):
    return 1


def update_conversion_status():
    return 1


def unlock_chord(self, group_id, callback, interval=0, max_retries=1, result=2, Result=3, GroupResult=4, result_from_tuple=5, **kwargs):
    return 1


def fetch_exchange_rates():
    return 1


def group(self, tasks, result, group_id, partial_args, add_to_parent=0):
    return 1


def xmap(task, it):
    return 1


def chain(*args, **kwargs):
    return 1


def backend_cleanup():
    return 1


def xstarmap(task, it):
    return 1


def chord(self, header, body, partial_args=0, interval=1, countdown=2, max_retries=3, eager=4, **kwargs):
    return 1


def accumulate(self, *args, **kwargs):
    return 1


def chunks(task, it, n):
    return 1


def update_conversion_status():
    return 1


def unlock_chord(self, group_id, callback, interval=0, max_retries=1, result=2, Result=3, GroupResult=4, result_from_tuple=5, **kwargs):
    return 1


def fetch_exchange_rates():
    return 1


def group(self, tasks, result, group_id, partial_args, add_to_parent=0):
    return 1


def xmap(task, it):
    return 1


def chain(*args, **kwargs):
    return 1


def backend_cleanup():
    return 1


def xstarmap(task, it):
    return 1


def chord(self, header, body, partial_args=0, interval=1, countdown=2, max_retries=3, eager=4, **kwargs):
    return 1


def accumulate(self, *args, **kwargs):
    return 1


def chunks(task, it, n):
    return 1


def update_conversion_status():
    return 1


def unlock_chord(self, group_id, callback, interval=0, max_retries=1, result=2, Result=3, GroupResult=4, result_from_tuple=5, **kwargs):
    return 1


def fetch_exchange_rates():
    return 1


def group(self, tasks, result, group_id, partial_args, add_to_parent=0):
    return 1


def xmap(task, it):
    return 1


def chain(*args, **kwargs):
    return 1


def backend_cleanup():
    return 1


def xstarmap(task, it):
    return 1


def chord(self, header, body, partial_args=0, interval=1, countdown=2, max_retries=3, eager=4, **kwargs):
    return 1


def accumulate(self, *args, **kwargs):
    return 1


def chunks(task, it, n):
    return 1


def update_conversion_status():
    return 1


def unlock_chord(self, group_id, callback, interval=0, max_retries=1, result=2, Result=3, GroupResult=4, result_from_tuple=5, **kwargs):
    return 1


def fetch_exchange_rates():
    return 1


def group(self, tasks, result, group_id, partial_args, add_to_parent=0):
    return 1


def xmap(task, it):
    return 1


def chain(*args, **kwargs):
    return 1


def backend_cleanup():
    return 1

/home/adawy/projects/currencyconversionsystem/configuration/settings.py changed, reloading.
Watching for file changes with StatReloader
/home/adawy/projects/currencyconversionsystem/configuration/settings.py changed, reloading.
Watching for file changes with StatReloader
Watching for file changes with StatReloader
Not Found: /
Not Found: /favicon.ico
/home/adawy/projects/currencyconversionsystem/configuration/urls.py changed, reloading.
Watching for file changes with StatReloader
/home/adawy/projects/currencyconversionsystem/configuration/urls.py changed, reloading.
Watching for file changes with StatReloader
Not Found: /
view's CurrencyConversionViewSet raised exception during schema generation; use `getattr(self, 'swagger_fake_view', False)` to detect and short-circuit this
Traceback (most recent call last):
  File "/home/adawy/projectsenvs/currencyconversionsystem_env/lib/python3.10/site-packages/django/db/models/fields/__init__.py", line 2053, in get_prep_value
    return int(value)
  File "/home/adawy/projectsenvs/currencyconversionsystem_env/lib/python3.10/site-packages/django/contrib/auth/models.py", line 437, in __int__
    raise TypeError(
TypeError: Cannot cast AnonymousUser to int. Are you trying to use it in place of User?

The above exception was the direct cause of the following exception:

Traceback (most recent call last):
  File "/home/adawy/projectsenvs/currencyconversionsystem_env/lib/python3.10/site-packages/drf_yasg/inspectors/base.py", line 42, in call_view_method
    return view_method()
  File "/home/adawy/projects/currencyconversionsystem/currencyconversionsystem/exchangerates/views.py", line 49, in get_queryset
    queryset = queryset.filter(user=user)
  File "/home/adawy/projectsenvs/currencyconversionsystem_env/lib/python3.10/site-packages/django/db/models/query.py", line 1436, in filter
    return self._filter_or_exclude(False, args, kwargs)
  File "/home/adawy/projectsenvs/currencyconversionsystem_env/lib/python3.10/site-packages/django/db/models/query.py", line 1454, in _filter_or_exclude
    clone._filter_or_exclude_inplace(negate, args, kwargs)
  File "/home/adawy/projectsenvs/currencyconversionsystem_env/lib/python3.10/site-packages/django/db/models/query.py", line 1461, in _filter_or_exclude_inplace
    self._query.add_q(Q(*args, **kwargs))
  File "/home/adawy/projectsenvs/currencyconversionsystem_env/lib/python3.10/site-packages/django/db/models/sql/query.py", line 1545, in add_q
    clause, _ = self._add_q(q_object, self.used_aliases)
  File "/home/adawy/projectsenvs/currencyconversionsystem_env/lib/python3.10/site-packages/django/db/models/sql/query.py", line 1576, in _add_q
    child_clause, needed_inner = self.build_filter(
  File "/home/adawy/projectsenvs/currencyconversionsystem_env/lib/python3.10/site-packages/django/db/models/sql/query.py", line 1491, in build_filter
    condition = self.build_lookup(lookups, col, value)
  File "/home/adawy/projectsenvs/currencyconversionsystem_env/lib/python3.10/site-packages/django/db/models/sql/query.py", line 1318, in build_lookup
    lookup = lookup_class(lhs, rhs)
  File "/home/adawy/projectsenvs/currencyconversionsystem_env/lib/python3.10/site-packages/django/db/models/lookups.py", line 27, in __init__
    self.rhs = self.get_prep_lookup()
  File "/home/adawy/projectsenvs/currencyconversionsystem_env/lib/python3.10/site-packages/django/db/models/fields/related_lookups.py", line 166, in get_prep_lookup
    self.rhs = target_field.get_prep_value(self.rhs)
  File "/home/adawy/projectsenvs/currencyconversionsystem_env/lib/python3.10/site-packages/django/db/models/fields/__init__.py", line 2055, in get_prep_value
    raise e.__class__(
TypeError: Field 'id' expected a number but got <django.contrib.auth.models.AnonymousUser object at 0x7f3a57befbe0>.
view's CurrencyConversionViewSet raised exception during schema generation; use `getattr(self, 'swagger_fake_view', False)` to detect and short-circuit this
Traceback (most recent call last):
  File "/home/adawy/projectsenvs/currencyconversionsystem_env/lib/python3.10/site-packages/django/db/models/fields/__init__.py", line 2053, in get_prep_value
    return int(value)
  File "/home/adawy/projectsenvs/currencyconversionsystem_env/lib/python3.10/site-packages/django/contrib/auth/models.py", line 437, in __int__
    raise TypeError(
TypeError: Cannot cast AnonymousUser to int. Are you trying to use it in place of User?

The above exception was the direct cause of the following exception:

Traceback (most recent call last):
  File "/home/adawy/projectsenvs/currencyconversionsystem_env/lib/python3.10/site-packages/drf_yasg/inspectors/base.py", line 42, in call_view_method
    return view_method()
  File "/home/adawy/projects/currencyconversionsystem/currencyconversionsystem/exchangerates/views.py", line 49, in get_queryset
    queryset = queryset.filter(user=user)
  File "/home/adawy/projectsenvs/currencyconversionsystem_env/lib/python3.10/site-packages/django/db/models/query.py", line 1436, in filter
    return self._filter_or_exclude(False, args, kwargs)
  File "/home/adawy/projectsenvs/currencyconversionsystem_env/lib/python3.10/site-packages/django/db/models/query.py", line 1454, in _filter_or_exclude
    clone._filter_or_exclude_inplace(negate, args, kwargs)
  File "/home/adawy/projectsenvs/currencyconversionsystem_env/lib/python3.10/site-packages/django/db/models/query.py", line 1461, in _filter_or_exclude_inplace
    self._query.add_q(Q(*args, **kwargs))
  File "/home/adawy/projectsenvs/currencyconversionsystem_env/lib/python3.10/site-packages/django/db/models/sql/query.py", line 1545, in add_q
    clause, _ = self._add_q(q_object, self.used_aliases)
  File "/home/adawy/projectsenvs/currencyconversionsystem_env/lib/python3.10/site-packages/django/db/models/sql/query.py", line 1576, in _add_q
    child_clause, needed_inner = self.build_filter(
  File "/home/adawy/projectsenvs/currencyconversionsystem_env/lib/python3.10/site-packages/django/db/models/sql/query.py", line 1491, in build_filter
    condition = self.build_lookup(lookups, col, value)
  File "/home/adawy/projectsenvs/currencyconversionsystem_env/lib/python3.10/site-packages/django/db/models/sql/query.py", line 1318, in build_lookup
    lookup = lookup_class(lhs, rhs)
  File "/home/adawy/projectsenvs/currencyconversionsystem_env/lib/python3.10/site-packages/django/db/models/lookups.py", line 27, in __init__
    self.rhs = self.get_prep_lookup()
  File "/home/adawy/projectsenvs/currencyconversionsystem_env/lib/python3.10/site-packages/django/db/models/fields/related_lookups.py", line 166, in get_prep_lookup
    self.rhs = target_field.get_prep_value(self.rhs)
  File "/home/adawy/projectsenvs/currencyconversionsystem_env/lib/python3.10/site-packages/django/db/models/fields/__init__.py", line 2055, in get_prep_value
    raise e.__class__(
TypeError: Field 'id' expected a number but got <django.contrib.auth.models.AnonymousUser object at 0x7f3a57befbe0>.
view's CurrencyConversionViewSet raised exception during schema generation; use `getattr(self, 'swagger_fake_view', False)` to detect and short-circuit this
Traceback (most recent call last):
  File "/home/adawy/projectsenvs/currencyconversionsystem_env/lib/python3.10/site-packages/django/db/models/fields/__init__.py", line 2053, in get_prep_value
    return int(value)
  File "/home/adawy/projectsenvs/currencyconversionsystem_env/lib/python3.10/site-packages/django/contrib/auth/models.py", line 437, in __int__
    raise TypeError(
TypeError: Cannot cast AnonymousUser to int. Are you trying to use it in place of User?

The above exception was the direct cause of the following exception:

Traceback (most recent call last):
  File "/home/adawy/projectsenvs/currencyconversionsystem_env/lib/python3.10/site-packages/drf_yasg/inspectors/base.py", line 42, in call_view_method
    return view_method()
  File "/home/adawy/projects/currencyconversionsystem/currencyconversionsystem/exchangerates/views.py", line 49, in get_queryset
    queryset = queryset.filter(user=user)
  File "/home/adawy/projectsenvs/currencyconversionsystem_env/lib/python3.10/site-packages/django/db/models/query.py", line 1436, in filter
    return self._filter_or_exclude(False, args, kwargs)
  File "/home/adawy/projectsenvs/currencyconversionsystem_env/lib/python3.10/site-packages/django/db/models/query.py", line 1454, in _filter_or_exclude
    clone._filter_or_exclude_inplace(negate, args, kwargs)
  File "/home/adawy/projectsenvs/currencyconversionsystem_env/lib/python3.10/site-packages/django/db/models/query.py", line 1461, in _filter_or_exclude_inplace
    self._query.add_q(Q(*args, **kwargs))
  File "/home/adawy/projectsenvs/currencyconversionsystem_env/lib/python3.10/site-packages/django/db/models/sql/query.py", line 1545, in add_q
    clause, _ = self._add_q(q_object, self.used_aliases)
  File "/home/adawy/projectsenvs/currencyconversionsystem_env/lib/python3.10/site-packages/django/db/models/sql/query.py", line 1576, in _add_q
    child_clause, needed_inner = self.build_filter(
  File "/home/adawy/projectsenvs/currencyconversionsystem_env/lib/python3.10/site-packages/django/db/models/sql/query.py", line 1491, in build_filter
    condition = self.build_lookup(lookups, col, value)
  File "/home/adawy/projectsenvs/currencyconversionsystem_env/lib/python3.10/site-packages/django/db/models/sql/query.py", line 1318, in build_lookup
    lookup = lookup_class(lhs, rhs)
  File "/home/adawy/projectsenvs/currencyconversionsystem_env/lib/python3.10/site-packages/django/db/models/lookups.py", line 27, in __init__
    self.rhs = self.get_prep_lookup()
  File "/home/adawy/projectsenvs/currencyconversionsystem_env/lib/python3.10/site-packages/django/db/models/fields/related_lookups.py", line 166, in get_prep_lookup
    self.rhs = target_field.get_prep_value(self.rhs)
  File "/home/adawy/projectsenvs/currencyconversionsystem_env/lib/python3.10/site-packages/django/db/models/fields/__init__.py", line 2055, in get_prep_value
    raise e.__class__(
TypeError: Field 'id' expected a number but got <django.contrib.auth.models.AnonymousUser object at 0x7f3a57befbe0>.
view's CurrencyConversionViewSet raised exception during schema generation; use `getattr(self, 'swagger_fake_view', False)` to detect and short-circuit this
Traceback (most recent call last):
  File "/home/adawy/projectsenvs/currencyconversionsystem_env/lib/python3.10/site-packages/django/db/models/fields/__init__.py", line 2053, in get_prep_value
    return int(value)
  File "/home/adawy/projectsenvs/currencyconversionsystem_env/lib/python3.10/site-packages/django/contrib/auth/models.py", line 437, in __int__
    raise TypeError(
TypeError: Cannot cast AnonymousUser to int. Are you trying to use it in place of User?

The above exception was the direct cause of the following exception:

Traceback (most recent call last):
  File "/home/adawy/projectsenvs/currencyconversionsystem_env/lib/python3.10/site-packages/drf_yasg/inspectors/base.py", line 42, in call_view_method
    return view_method()
  File "/home/adawy/projects/currencyconversionsystem/currencyconversionsystem/exchangerates/views.py", line 49, in get_queryset
    queryset = queryset.filter(user=user)
  File "/home/adawy/projectsenvs/currencyconversionsystem_env/lib/python3.10/site-packages/django/db/models/query.py", line 1436, in filter
    return self._filter_or_exclude(False, args, kwargs)
  File "/home/adawy/projectsenvs/currencyconversionsystem_env/lib/python3.10/site-packages/django/db/models/query.py", line 1454, in _filter_or_exclude
    clone._filter_or_exclude_inplace(negate, args, kwargs)
  File "/home/adawy/projectsenvs/currencyconversionsystem_env/lib/python3.10/site-packages/django/db/models/query.py", line 1461, in _filter_or_exclude_inplace
    self._query.add_q(Q(*args, **kwargs))
  File "/home/adawy/projectsenvs/currencyconversionsystem_env/lib/python3.10/site-packages/django/db/models/sql/query.py", line 1545, in add_q
    clause, _ = self._add_q(q_object, self.used_aliases)
  File "/home/adawy/projectsenvs/currencyconversionsystem_env/lib/python3.10/site-packages/django/db/models/sql/query.py", line 1576, in _add_q
    child_clause, needed_inner = self.build_filter(
  File "/home/adawy/projectsenvs/currencyconversionsystem_env/lib/python3.10/site-packages/django/db/models/sql/query.py", line 1491, in build_filter
    condition = self.build_lookup(lookups, col, value)
  File "/home/adawy/projectsenvs/currencyconversionsystem_env/lib/python3.10/site-packages/django/db/models/sql/query.py", line 1318, in build_lookup
    lookup = lookup_class(lhs, rhs)
  File "/home/adawy/projectsenvs/currencyconversionsystem_env/lib/python3.10/site-packages/django/db/models/lookups.py", line 27, in __init__
    self.rhs = self.get_prep_lookup()
  File "/home/adawy/projectsenvs/currencyconversionsystem_env/lib/python3.10/site-packages/django/db/models/fields/related_lookups.py", line 166, in get_prep_lookup
    self.rhs = target_field.get_prep_value(self.rhs)
  File "/home/adawy/projectsenvs/currencyconversionsystem_env/lib/python3.10/site-packages/django/db/models/fields/__init__.py", line 2055, in get_prep_value
    raise e.__class__(
TypeError: Field 'id' expected a number but got <django.contrib.auth.models.AnonymousUser object at 0x7f3a57befbe0>.

def chunks(task, it, n):
    return 1


def update_conversion_status():
    return 1


def unlock_chord(self, group_id, callback, interval=0, max_retries=1, result=2, Result=3, GroupResult=4, result_from_tuple=5, **kwargs):
    return 1


def group(self, tasks, result, group_id, partial_args, add_to_parent=0):
    return 1


def fetch_exchange_rates():
    return 1


def xmap(task, it):
    return 1


def chain(*args, **kwargs):
    return 1


def backend_cleanup():
    return 1


def xstarmap(task, it):
    return 1


def chord(self, header, body, partial_args=0, interval=1, countdown=2, max_retries=3, eager=4, **kwargs):
    return 1


def accumulate(self, *args, **kwargs):
    return 1

Not Found: /api/currency/23/
Method Not Allowed: /api/exchangerate/

def update_conversion_status():
    return 1


def unlock_chord(self, group_id, callback, interval=0, max_retries=1, result=2, Result=3, GroupResult=4, result_from_tuple=5, **kwargs):
    return 1


def group(self, tasks, result, group_id, partial_args, add_to_parent=0):
    return 1


def fetch_exchange_rates():
    return 1


def xmap(task, it):
    return 1


def chain(*args, **kwargs):
    return 1


def backend_cleanup():
    return 1


def xstarmap(task, it):
    return 1


def chord(self, header, body, partial_args=0, interval=1, countdown=2, max_retries=3, eager=4, **kwargs):
    return 1


def accumulate(self, *args, **kwargs):
    return 1


def chunks(task, it, n):
    return 1

Not Found: /api/currency/23/
Method Not Allowed: /api/exchangerate/

def xmap(task, it):
    return 1


def chain(*args, **kwargs):
    return 1


def backend_cleanup():
    return 1


def xstarmap(task, it):
    return 1


def chord(self, header, body, partial_args=0, interval=1, countdown=2, max_retries=3, eager=4, **kwargs):
    return 1


def accumulate(self, *args, **kwargs):
    return 1


def chunks(task, it, n):
    return 1


def fetch_exchange_rates():
    return 1


def update_conversion_status():
    return 1


def unlock_chord(self, group_id, callback, interval=0, max_retries=1, result=2, Result=3, GroupResult=4, result_from_tuple=5, **kwargs):
    return 1


def group(self, tasks, result, group_id, partial_args, add_to_parent=0):
    return 1

Not Found: /api/currency/23/
Method Not Allowed: /api/exchangerate/
Watching for file changes with StatReloader
